{"level":"info","msg":"get req header token = %!(EXTRA string=)","time":"2019-12-17T15:00:01Z"}
{"level":"debug","msg":"token contains an invalid number of segments","time":"2019-12-17T15:00:01Z"}
{"level":"info","msg":"login info : {Username:james Password:123456}","time":"2019-12-17T15:00:20Z"}
{"level":"error","msg":"用户不存在或者用户密码错误","time":"2019-12-17T15:00:20Z"}
{"level":"info","msg":"login info : {Username:cloudfeet Password:b44cf893756edd7d6a2245eb116341f8}","time":"2019-12-17T15:01:15Z"}
{"level":"info","msg":"Userinfo : \u0026{Model:{ID:1 CreateTime:2019-11-10 22:30:11 +0000 UTC UpdateTime:2019-11-10 22:30:11 +0000 UTC} UserName:cloudfeet Password:b44cf893756edd7d6a2245eb116341f8 Role:admin Region:china Status:1 Source:box quota:0}","time":"2019-12-17T15:01:15Z"}
{"level":"info","msg":"gen token %!(EXTRA string=eyJhbGciOiJIUzI1NiIsInR5cCI6IkpXVCJ9.eyJ1c2VybmFtZSI6ImNsb3VkZmVldCIsInBhc3N3b3JkIjoiNjBhZWYzY2RhMGEzMWJjOTM1MTY2YmFhOGM1NzdlZDQiLCJleHAiOjE1NzY2ODEyNzUsImlzcyI6ImNsb3VkZmVldCJ9.kIVUs1qdVxZdDDvUVYDpmll0aPnm7qasb8Y4qCNFHE8)","time":"2019-12-17T15:01:15Z"}
{"level":"info","msg":"Token: eyJhbGciOiJIUzI1NiIsInR5cCI6IkpXVCJ9.eyJ1c2VybmFtZSI6ImNsb3VkZmVldCIsInBhc3N3b3JkIjoiNjBhZWYzY2RhMGEzMWJjOTM1MTY2YmFhOGM1NzdlZDQiLCJleHAiOjE1NzY2ODEyNzUsImlzcyI6ImNsb3VkZmVldCJ9.kIVUs1qdVxZdDDvUVYDpmll0aPnm7qasb8Y4qCNFHE8","time":"2019-12-17T15:01:15Z"}
{"level":"info","msg":"get req header token = %!(EXTRA string=eyJhbGciOiJIUzI1NiIsInR5cCI6IkpXVCJ9.eyJ1c2VybmFtZSI6ImNsb3VkZmVldCIsInBhc3N3b3JkIjoiNjBhZWYzY2RhMGEzMWJjOTM1MTY2YmFhOGM1NzdlZDQiLCJleHAiOjE1NzY2ODEyNzUsImlzcyI6ImNsb3VkZmVldCJ9.kIVUs1qdVxZdDDvUVYDpmll0aPnm7qasb8Y4qCNFHE8)","time":"2019-12-17T15:01:32Z"}
{"level":"info","msg":"parsed token = \u0026{Username:cloudfeet Password:60aef3cda0a31bc935166baa8c577ed4 StandardClaims:{Audience: ExpiresAt:1576681275 Id: IssuedAt:0 Issuer:cloudfeet NotBefore:0 Subject:}}","time":"2019-12-17T15:01:32Z"}
{"level":"info","msg":"parsed token = \u0026{Username:cloudfeet Password:60aef3cda0a31bc935166baa8c577ed4 StandardClaims:{Audience: ExpiresAt:1576681275 Id: IssuedAt:0 Issuer:cloudfeet NotBefore:0 Subject:}}","time":"2019-12-17T15:01:32Z"}
{"level":"info","msg":"payload json map[id:outline-cloudfeet password:Diveincloudfeet port:10247]","time":"2019-12-17T15:01:32Z"}
{"level":"info","msg":"get req header token = %!(EXTRA string=eyJhbGciOiJIUzI1NiIsInR5cCI6IkpXVCJ9.eyJ1c2VybmFtZSI6ImNsb3VkZmVldCIsInBhc3N3b3JkIjoiNjBhZWYzY2RhMGEzMWJjOTM1MTY2YmFhOGM1NzdlZDQiLCJleHAiOjE1NzY2ODEyNzUsImlzcyI6ImNsb3VkZmVldCJ9.kIVUs1qdVxZdDDvUVYDpmll0aPnm7qasb8Y4qCNFHE8)","time":"2019-12-17T15:02:47Z"}
{"level":"info","msg":"parsed token = \u0026{Username:cloudfeet Password:60aef3cda0a31bc935166baa8c577ed4 StandardClaims:{Audience: ExpiresAt:1576681275 Id: IssuedAt:0 Issuer:cloudfeet NotBefore:0 Subject:}}","time":"2019-12-17T15:02:47Z"}
{"level":"info","msg":"parsed token = \u0026{Username:cloudfeet Password:60aef3cda0a31bc935166baa8c577ed4 StandardClaims:{Audience: ExpiresAt:1576681275 Id: IssuedAt:0 Issuer:cloudfeet NotBefore:0 Subject:}}","time":"2019-12-17T15:02:47Z"}
{"level":"info","msg":"payload json map[id:outline-cloudfeet password:Diveincloudfeet port:10247]","time":"2019-12-17T15:02:47Z"}
{"level":"info","msg":"get req header token = %!(EXTRA string=eyJhbGciOiJIUzI1NiIsInR5cCI6IkpXVCJ9.eyJ1c2VybmFtZSI6ImNsb3VkZmVldCIsInBhc3N3b3JkIjoiNjBhZWYzY2RhMGEzMWJjOTM1MTY2YmFhOGM1NzdlZDQiLCJleHAiOjE1NzY2ODEyNzUsImlzcyI6ImNsb3VkZmVldCJ9.kIVUs1qdVxZdDDvUVYDpmll0aPnm7qasb8Y4qCNFHE8)","time":"2019-12-17T15:03:55Z"}
{"level":"info","msg":"parsed token = \u0026{Username:cloudfeet Password:60aef3cda0a31bc935166baa8c577ed4 StandardClaims:{Audience: ExpiresAt:1576681275 Id: IssuedAt:0 Issuer:cloudfeet NotBefore:0 Subject:}}","time":"2019-12-17T15:03:55Z"}
{"level":"info","msg":"parsed token = \u0026{Username:cloudfeet Password:60aef3cda0a31bc935166baa8c577ed4 StandardClaims:{Audience: ExpiresAt:1576681275 Id: IssuedAt:0 Issuer:cloudfeet NotBefore:0 Subject:}}","time":"2019-12-17T15:03:55Z"}
{"level":"info","msg":"payload json map[id:outline-cloudfeet password:Diveincloudfeet port:10247]","time":"2019-12-17T15:03:55Z"}
ssword:60aef3cda0a31bc935166baa8c577ed4 StandardClaims:{Audience: ExpiresAt:1573575589 Id: IssuedAt:0 Issuer:cloudfeet NotBefore:0 Subject:}}","time":"2019-11-12T01:33:13+08:00"}
{"level":"info","msg":"parsed token = \u0026{Username:cloudfeet Password:60aef3cda0a31bc935166baa8c577ed4 StandardClaims:{Audience: ExpiresAt:1573575589 Id: IssuedAt:0 Issuer:cloudfeet NotBefore:0 Subject:}}","time":"2019-11-12T01:33:13+08:00"}
{"level":"info","msg":"payload json map[id:outline-cloudfeet password:Diveincloudfeet port:10247]","time":"2019-11-12T01:33:13+08:00"}
{"level":"info","msg":"get req header token = %!(EXTRA string=eyJhbGciOiJIUzI1NiIsInR5cCI6IkpXVCJ9.eyJ1c2VybmFtZSI6ImNsb3VkZmVldCIsInBhc3N3b3JkIjoiNjBhZWYzY2RhMGEzMWJjOTM1MTY2YmFhOGM1NzdlZDQiLCJleHAiOjE1NzM1NzU1ODksImlzcyI6ImNsb3VkZmVldCJ9.KCJ67d3_lU08Uzwbuv1ERtyPxshiiap27yE3bGHRYvc)","time":"2019-11-12T01:33:23+08:00"}
{"level":"info","msg":"parsed token = \u0026{Username:cloudfeet Password:60aef3cda0a31bc935166baa8c577ed4 StandardClaims:{Audience: ExpiresAt:1573575589 Id: IssuedAt:0 Issuer:cloudfeet NotBefore:0 Subject:}}","time":"2019-11-12T01:33:23+08:00"}
{"level":"info","msg":"parsed token = \u0026{Username:cloudfeet Password:60aef3cda0a31bc935166baa8c577ed4 StandardClaims:{Audience: ExpiresAt:1573575589 Id: IssuedAt:0 Issuer:cloudfeet NotBefore:0 Subject:}}","time":"2019-11-12T01:33:23+08:00"}
{"level":"info","msg":"payload json map[id:outline-cloudfeet password:Diveincloudfeet port:10247]","time":"2019-11-12T01:33:23+08:00"}
{"level":"info","msg":"get req header token = %!(EXTRA string=eyJhbGciOiJIUzI1NiIsInR5cCI6IkpXVCJ9.eyJ1c2VybmFtZSI6ImNsb3VkZmVldCIsInBhc3N3b3JkIjoiNjBhZWYzY2RhMGEzMWJjOTM1MTY2YmFhOGM1NzdlZDQiLCJleHAiOjE1NzM1NzU1ODksImlzcyI6ImNsb3VkZmVldCJ9.KCJ67d3_lU08Uzwbuv1ERtyPxshiiap27yE3bGHRYvc)","time":"2019-11-12T01:39:01+08:00"}
{"level":"info","msg":"parsed token = \u0026{Username:cloudfeet Password:60aef3cda0a31bc935166baa8c577ed4 StandardClaims:{Audience: ExpiresAt:1573575589 Id: IssuedAt:0 Issuer:cloudfeet NotBefore:0 Subject:}}","time":"2019-11-12T01:39:01+08:00"}
{"level":"info","msg":"parsed token = \u0026{Username:cloudfeet Password:60aef3cda0a31bc935166baa8c577ed4 StandardClaims:{Audience: ExpiresAt:1573575589 Id: IssuedAt:0 Issuer:cloudfeet NotBefore:0 Subject:}}","time":"2019-11-12T01:39:01+08:00"}
{"level":"info","msg":"payload json map[id:outline-cloudfeet password:Diveincloudfeet port:10247]","time":"2019-11-12T01:39:01+08:00"}
{"level":"info","msg":"get req header token = %!(EXTRA string=eyJhbGciOiJIUzI1NiIsInR5cCI6IkpXVCJ9.eyJ1c2VybmFtZSI6ImNsb3VkZmVldCIsInBhc3N3b3JkIjoiNjBhZWYzY2RhMGEzMWJjOTM1MTY2YmFhOGM1NzdlZDQiLCJleHAiOjE1NzM1NzU1ODksImlzcyI6ImNsb3VkZmVldCJ9.KCJ67d3_lU08Uzwbuv1ERtyPxshiiap27yE3bGHRYvc)","time":"2019-11-12T01:39:06+08:00"}
{"level":"info","msg":"parsed token = \u0026{Username:cloudfeet Password:60aef3cda0a31bc935166baa8c577ed4 StandardClaims:{Audience: ExpiresAt:1573575589 Id: IssuedAt:0 Issuer:cloudfeet NotBefore:0 Subject:}}","time":"2019-11-12T01:39:06+08:00"}
{"level":"info","msg":"parsed token = \u0026{Username:cloudfeet Password:60aef3cda0a31bc935166baa8c577ed4 StandardClaims:{Audience: ExpiresAt:1573575589 Id: IssuedAt:0 Issuer:cloudfeet NotBefore:0 Subject:}}","time":"2019-11-12T01:39:06+08:00"}
{"level":"info","msg":"payload json map[id:outline-cloudfeet password:Diveincloudfeet port:10247]","time":"2019-11-12T01:39:06+08:00"}
